report@config:load 46.96
Authorized using stored user info.
report@account:authorize 11.93
stderr: 'rm' is not recognized as an internal or external command,
operable program or batch file.

Exporting assets from Unity.............

[ Stage1 ] Assets exported from Unity and staged for further processing
report@unity:export 10117.15
report@config:load 27.67
Using D:/UnityProjects/SmartNoter_KeyPoints/Assets/TextMesh Pro/Fonts/Poppins-Regular.ttf file to generate an atlas for Poppins-Regular[46036] font
  Using alphabet  §1234567890-=qwertyuiop[]asdfghjkl;'\`zxcvbnm,./±!@#$%^&*()_+QWERTYUIOP{}ASDFGHJKL:"|~ZXCVBNM<>?
Combined 97 glyphs into bitmap texture at D:/UnityProjects/SmartNoter_KeyPoints/LunaTemp/stage1/tmp/fonts/Poppins-Regular-46036/output_0.png (61kb)
Found custom rules for texture Assets/TextMesh Pro/Fonts/Poppins-Regular SDF.asset
  {"maxWidth":1200,"maxHeight":5000,"format":"webp","compression":"none","quality":100,"script":"","ext":"","name":"Assets/TextMesh Pro/Fonts/Poppins-Regular SDF.asset","isOverride":true}
Found custom rules for texture Assets/TextMesh Pro/Resources/Fonts & Materials/LiberationSans SDF.asset
  {"maxWidth":1200,"maxHeight":5000,"format":"webp","compression":"none","quality":100,"script":"","ext":"","name":"Assets/TextMesh Pro/Resources/Fonts & Materials/LiberationSans SDF.asset","isOverride":true}
Resources:
{}
report@assets:stage2 12031.62
report@assets:stage3 222.64
[ Stage2 ] Assets postprocessed and bundled successfully
report@config:unity 0.15
report@config:load 61.57
report@config:unity 2.09
report@code:compose 156.30
Authorized using stored user info.
report@account:authorize 4.52
MSBuild version 17.13.19+0d9f5a35a for .NET Framework

Build started 8/28/2025 2:13:11 AM.



Project "D:\UnityProjects\SmartNoter_KeyPoints\Playworks\pipeline\templates\LunaCompiler\Scripts\Scripts.csproj" on node 1 (Rebuild target(s)).
CoreClean:

  Deleting file "D:\UnityProjects\SmartNoter_KeyPoints\Playworks\pipeline\templates\LunaCompiler\Scripts\bin\Debug\UnityScriptsCompiler.dll".

  Deleting file "D:\UnityProjects\SmartNoter_KeyPoints\Playworks\pipeline\templates\LunaCompiler\Scripts\bin\Debug\UnityScriptsCompiler.pdb".

  Deleting file "D:\UnityProjects\SmartNoter_KeyPoints\Playworks\pipeline\templates\LunaCompiler\Scripts\bin\Debug\Bridge.dll".

  Deleting file "D:\UnityProjects\SmartNoter_KeyPoints\Playworks\pipeline\templates\LunaCompiler\Scripts\bin\Debug\Bridge.Html5.dll".

  Deleting file "D:\UnityProjects\SmartNoter_KeyPoints\Playworks\pipeline\templates\LunaCompiler\Scripts\bin\Debug\Bridge.WebGL.dll".

  Deleting file "D:\UnityProjects\SmartNoter_KeyPoints\Playworks\pipeline\templates\LunaCompiler\Scripts\bin\Debug\DOTween.dll".

  Deleting file "D:\UnityProjects\SmartNoter_KeyPoints\Playworks\pipeline\templates\LunaCompiler\Scripts\bin\Debug\Newtonsoft.Json.dll".

  Deleting file "D:\UnityProjects\SmartNoter_KeyPoints\Playworks\pipeline\templates\LunaCompiler\Scripts\bin\Debug\Retyped.Core.dll".

  Deleting file "D:\UnityProjects\SmartNoter_KeyPoints\Playworks\pipeline\templates\LunaCompiler\Scripts\bin\Debug\Retyped.dom.dll".

  Deleting file "D:\UnityProjects\SmartNoter_KeyPoints\Playworks\pipeline\templates\LunaCompiler\Scripts\bin\Debug\Retyped.es5.dll".

  Deleting file "D:\UnityProjects\SmartNoter_KeyPoints\Playworks\pipeline\templates\LunaCompiler\Scripts\bin\Debug\Retyped.scripthost.dll".

  Deleting file "D:\UnityProjects\SmartNoter_KeyPoints\Playworks\pipeline\templates\LunaCompiler\Scripts\bin\Debug\TextMeshPro.dll".

  Deleting file "D:\UnityProjects\SmartNoter_KeyPoints\Playworks\pipeline\templates\LunaCompiler\Scripts\bin\Debug\UnityEngine.dll".

  Deleting file "D:\UnityProjects\SmartNoter_KeyPoints\Playworks\pipeline\templates\LunaCompiler\Scripts\bin\Debug\UnityEngine.UI.dll".

  Deleting file "D:\UnityProjects\SmartNoter_KeyPoints\Playworks\pipeline\templates\LunaCompiler\Scripts\bin\Debug\UnityEngine.UniversalRenderPipeline.dll".

  Deleting file "D:\UnityProjects\SmartNoter_KeyPoints\Playworks\pipeline\templates\LunaCompiler\Scripts\bin\Debug\Bridge.xml".

  Deleting file "D:\UnityProjects\SmartNoter_KeyPoints\Playworks\pipeline\templates\LunaCompiler\Scripts\bin\Debug\Bridge.Html5.xml".

  Deleting file "D:\UnityProjects\SmartNoter_KeyPoints\Playworks\pipeline\templates\LunaCompiler\Scripts\bin\Debug\Bridge.WebGL.xml".

  Deleting file "D:\UnityProjects\SmartNoter_KeyPoints\Playworks\pipeline\templates\LunaCompiler\Scripts\bin\Debug\Newtonsoft.Json.xml".

  Deleting file "D:\UnityProjects\SmartNoter_KeyPoints\Playworks\pipeline\templates\LunaCompiler\Scripts\bin\Debug\Retyped.Core.xml".

  Deleting file "D:\UnityProjects\SmartNoter_KeyPoints\Playworks\pipeline\templates\LunaCompiler\Scripts\bin\Debug\Retyped.dom.xml".

  Deleting file "D:\UnityProjects\SmartNoter_KeyPoints\Playworks\pipeline\templates\LunaCompiler\Scripts\bin\Debug\Retyped.es5.xml".

  Deleting file "D:\UnityProjects\SmartNoter_KeyPoints\Playworks\pipeline\templates\LunaCompiler\Scripts\bin\Debug\Retyped.scripthost.xml".

  Deleting file "D:\UnityProjects\SmartNoter_KeyPoints\Playworks\pipeline\templates\LunaCompiler\Scripts\obj\Debug\Scripts.csproj.AssemblyReference.cache".

  Deleting file "D:\UnityProjects\SmartNoter_KeyPoints\Playworks\pipeline\templates\LunaCompiler\Scripts\obj\Debug\Scripts.csproj.CoreCompileInputs.cache".

  Deleting file "D:\UnityProjects\SmartNoter_KeyPoints\Playworks\pipeline\templates\LunaCompiler\Scripts\obj\Debug\Scripts.csproj.Up2Date".

  Deleting file "D:\UnityProjects\SmartNoter_KeyPoints\Playworks\pipeline\templates\LunaCompiler\Scripts\obj\Debug\UnityScriptsCompiler.dll".

  Deleting file "D:\UnityProjects\SmartNoter_KeyPoints\Playworks\pipeline\templates\LunaCompiler\Scripts\obj\Debug\UnityScriptsCompiler.pdb".

GenerateTargetFrameworkMonikerAttribute:
Skipping target "GenerateTargetFrameworkMonikerAttribute" because all output files are up-to-date with respect to the input files.

CoreCompile:
  C:\Program Files\Microsoft Visual Studio\2022\Community\MSBuild\Current\Bin\Roslyn\csc.exe /noconfig /nowarn:CS0626,1701,1702 /fullpaths /nostdlib+ /errorreport:prompt /warn:4 /define:UNITY_LUNA;CSHARP_7_OR_LATER;CSHARP_7_3_OR_NEWER;UNITY_5_3_OR_NEWER;UNITY_5_4_OR_NEWER;UNITY_5_5_OR_NEWER;UNITY_2022;UNITY_2017_1_OR_NEWER;UNITY_2017_2_OR_NEWER;UNITY_2017_3_OR_NEWER;UNITY_2017_4_OR_NEWER;UNITY_2018_1_OR_NEWER;UNITY_2018_2_OR_NEWER;UNITY_2018_3_OR_NEWER;UNITY_2018_4_OR_NEWER;UNITY_2019_1_OR_NEWER;UNITY_2019_2_OR_NEWER;UNITY_2019_3_OR_NEWER;UNITY_2019_4_OR_NEWER;UNITY_2020_1_OR_NEWER;UNITY_2020_2_OR_NEWER;UNITY_2020_3_OR_NEWER;UNITY_2021_1_OR_NEWER;UNITY_2021_2_OR_NEWER;UNITY_2021_3_OR_NEWER;UNITY_2022_1_OR_NEWER;UNITY_2022_2_OR_NEWER;UNITY_2022_3_OR_NEWER;UNITY_2022_3;UNITY_2022_3_61 /highentropyva+ /reference:D:\UnityProjects\SmartNoter_KeyPoints\Playworks\pipeline\templates\LunaCompiler\packages\Bridge.Core.17.9.42-luna\lib\net40\Bridge.dll /reference:D:\UnityProjects\SmartNoter_KeyPoints\Playworks\pipeline\templates\LunaCompiler\packages\Bridge.Html5.17.9.0\lib\net40\Bridge.Html5.dll /reference:D:\UnityProjects\SmartNoter_KeyPoints\Playworks\pipeline\templates\LunaCompiler\packages\Bridge.WebGL.1.22.0\lib\net40\Bridge.WebGL.dll /reference:D:\UnityProjects\SmartNoter_KeyPoints\Playworks\pipeline\templates\LunaCompiler\packages\DOTween.1.2.705\lib\net40\DOTween.dll /reference:D:\UnityProjects\SmartNoter_KeyPoints\Playworks\pipeline\templates\LunaCompiler\packages\Bridge.Newtonsoft.Json.1.16.0\lib\net40\Newtonsoft.Json.dll /reference:D:\UnityProjects\SmartNoter_KeyPoints\Playworks\pipeline\templates\LunaCompiler\packages\Retyped.Core.1.6.6733\lib\net40\Retyped.Core.dll /reference:D:\UnityProjects\SmartNoter_KeyPoints\Playworks\pipeline\templates\LunaCompiler\packages\Retyped.dom.2.8.6733\lib\net40\Retyped.dom.dll /reference:D:\UnityProjects\SmartNoter_KeyPoints\Playworks\pipeline\templates\LunaCompiler\packages\Retyped.es5.2.8.6733\lib\net40\Retyped.es5.dll /reference:D:\UnityProjects\SmartNoter_KeyPoints\Playworks\pipeline\templates\LunaCompiler\packages\Retyped.scripthost.2.8.6733\lib\net40\Retyped.scripthost.dll /reference:D:\UnityProjects\SmartNoter_KeyPoints\Playworks\pipeline\templates\LunaCompiler\packages\com.unity.textmeshpro\3.0.6\TextMeshPro.dll /referen
ce:D:\UnityProjects\SmartNoter_KeyPoints\Playworks\pipeline\templates\LunaCompiler\Scripts\Vendor\UnityEngine.dll /reference:D:\UnityProjects\SmartNoter_KeyPoints\Playworks\pipeline\templates\LunaCompiler\packages\com.unity.ui\1.2.1\UnityEngine.UI.dll /reference:D:\UnityProjects\SmartNoter_KeyPoints\Playworks\pipeline\templates\LunaCompiler\packages\com.unity.urp\7.6\UnityEngine.UniversalRenderPipeline.dll /debug+ /debug:full /optimize- /out:obj\Debug\UnityScriptsCompiler.dll /subsystemversion:6.00 /target:library /warnaserror- /utf8output /langversion:8 D:\UnityProjects\SmartNoter_KeyPoints\LunaTemp\stage3\processed-scripts\Assets\Plugins\Demigiant\DOTween\Modules\DOTweenModuleAudio.cs D:\UnityProjects\SmartNoter_KeyPoints\LunaTemp\stage3\processed-scripts\Assets\Plugins\Demigiant\DOTween\Modules\DOTweenModuleEPOOutline.cs D:\UnityProjects\SmartNoter_KeyPoints\LunaTemp\stage3\processed-scripts\Assets\Plugins\Demigiant\DOTween\Modules\DOTweenModulePhysics.cs D:\UnityProjects\SmartNoter_KeyPoints\LunaTemp\stage3\processed-scripts\Assets\Plugins\Demigiant\DOTween\Modules\DOTweenModulePhysics2D.cs D:\UnityProjects\SmartNoter_KeyPoints\LunaTemp\stage3\processed-scripts\Assets\Plugins\Demigiant\DOTween\Modules\DOTweenModuleSprite.cs D:\UnityProjects\SmartNoter_KeyPoints\LunaTemp\stage3\processed-scripts\Assets\Plugins\Demigiant\DOTween\Modules\DOTweenModuleUI.cs D:\UnityProjects\SmartNoter_KeyPoints\LunaTemp\stage3\processed-scripts\Assets\Plugins\Demigiant\DOTween\Modules\DOTweenModuleUnityVersion.cs D:\UnityProjects\SmartNoter_KeyPoints\LunaTemp\stage3\processed-scripts\Assets\Plugins\Demigiant\DOTween\Modules\DOTweenModuleUtils.cs D:\UnityProjects\SmartNoter_KeyPoints\LunaTemp\stage3\processed-scripts\Assets\Scripts\AudioManager\Scripts\AudioChannel.cs D:\UnityProjects\SmartNoter_KeyPoints\LunaTemp\stage3\processed-scripts\Assets\Scripts\AudioManager\Scripts\AudioLibrary.cs D:\UnityProjects\SmartNoter_KeyPoints\LunaTemp\stage3\processed-scripts\Assets\Scripts\AudioManager\Scripts\AudioManager.cs D:\UnityProjects\SmartNoter_KeyPoints\LunaTemp\stage3\processed-scripts\Assets\Scripts\AudioManager\Scripts\Core\Events\EventAggregator.cs D:\UnityProjects\SmartNoter_KeyPoints\LunaTemp\stage3\processed-scripts\Assets\Scripts\AudioManager\Scripts\Core\Events\GameEvent.cs D:\UnityProjects\SmartNoter_KeyPoints\LunaTemp\stage3\processed-scripts\Assets\Scripts\AudioManager\Scripts\Core\Services\IAudioService.cs D:\UnityProjects\SmartNoter_KeyPoints\LunaTemp\stage3\processed-scripts\Assets\Scripts\AudioManager\Scripts\Core\Services\IUIManager.cs D:\UnityProjects\SmartNoter_KeyPoints\LunaTemp\stage3\processed-scripts\Assets\Scripts\AudioManager\Scripts\Core\Services\ServicesLocator.cs D:\UnityProjects\SmartNoter_KeyPoints\LunaTemp\stage3\processed-scripts\Assets\Scripts\ButtonPulse.cs D:\UnityProjects\SmartNoter_KeyPoints\LunaTemp\stage3\processed-scripts\Assets\Scripts\CameraAspectFitter.cs D:\UnityProjects\SmartNoter_KeyPoints\LunaTemp\stage3\processed-scripts\Assets\Scripts\CanvasGroupAnimator.cs D:\UnityProjects\SmartNoter_KeyPoints\LunaTemp\stage3\processed-scripts\Assets\Scripts\DragToResizeLeft.cs D:\UnityProjects\SmartNoter_KeyPoints\LunaTemp\stage3\processed-scripts\Assets\Scripts\FloatingTextEffect.cs D:\UnityProjects\SmartNoter_KeyPoints\LunaTemp\stage3\processed-scripts\Assets\Scripts\GameManager.cs D:\UnityProjects\SmartNoter_KeyPoints\LunaTemp\stage3\processed-scripts\Assets\Scripts\KeepWorldScaleUI.cs D:\UnityProjects\SmartNoter_KeyPoints\LunaTemp\stage3\processed-scripts\Assets\Scripts\ObjectPoolingManager\Bullet.cs D:\UnityProjects\SmartNoter_KeyPoints\LunaTemp\stage3\processed-scripts\Assets\Scripts\ObjectPoolingManager\IPooledObject.cs D:\UnityProjects\SmartNoter_KeyPoints\LunaTemp\stage3\processed-scripts\Assets\Scripts\ObjectPoolingManager\ObjectPoolManager.cs D:\UnityProjects\SmartNoter_KeyPoints\LunaTemp\stage3\processed-scripts\Assets\Scripts\ObjectPoolingManager\Spawner.cs D:\UnityProjects\SmartNoter_KeyPoints\LunaTemp\stage3\processed-scripts\Assets\Scripts\PromtPopUp.cs D:\UnityProjects\SmartNoter_KeyPoints\LunaTemp\stage3\processed-scripts\Assets\Scripts\StartClickHandler.cs D:\UnityProjects\SmartNoter_KeyPoints\LunaTemp\stage3\processed-scripts\Assets\Scripts\SubtitleAuto.cs D:\UnityProjects\SmartNoter_KeyPoints\LunaTemp\stage3\processed-scripts\Assets\Scripts\TaskManager\TaskManager.cs D:\UnityProjects\SmartNoter_KeyPoints\LunaTemp\stage3\processed-scripts\Assets\Scripts\TaskManager\TaskSequencePool.cs D:\UnityProjects\SmartNoter_KeyPoints\LunaTemp\stage3\processed-scripts\Assets\Scripts\TaskManager\TaskSequencePro.cs D:\UnityProjects\SmartNoter_KeyPoints\LunaTemp\stage3\processed-scripts\Assets\Scripts\UIHorizontalDraggable.cs Properties/AssemblyInfo.cs Sources/OtherDummyScript.cs "obj\Debug\.NETFramework,Version=v4.7.AssemblyAttributes.cs"

D:\UnityProjects\SmartNoter_KeyPoints\LunaTemp\stage3\processed-scripts\Assets\Scripts\CanvasGroupAnimator.cs(14,35): warning CS0649: Field 'CanvasGroupAnimator.isLooping' is never assigned to, and will always have its default value false [D:\UnityProjects\SmartNoter_KeyPoints\Playworks\pipeline\templates\LunaCompiler\Scripts\Scripts.csproj]

D:\UnityProjects\SmartNoter_KeyPoints\LunaTemp\stage3\processed-scripts\Assets\Scripts\CanvasGroupAnimator.cs(9,42): warning CS0649: Field 'CanvasGroupAnimator.canvasGroup' is never assigned to, and will always have its default value null [D:\UnityProjects\SmartNoter_KeyPoints\Playworks\pipeline\templates\LunaCompiler\Scripts\Scripts.csproj]
D:\UnityProjects\SmartNoter_KeyPoints\LunaTemp\stage3\processed-scripts\Assets\Scripts\SubtitleAuto.cs(21,29): warning CS0649: Field 'SubtitleAuto.lines' is never assigned to, and will always have its default value null [D:\UnityProjects\SmartNoter_KeyPoints\Playworks\pipeline\templates\LunaCompiler\Scripts\Scripts.csproj]
D:\UnityProjects\SmartNoter_KeyPoints\LunaTemp\stage3\processed-scripts\Assets\Scripts\ButtonPulse.cs(6,36): warning CS0649: Field 'ButtonPulse.scaleAmount' is never assigned to, and will always have its default value 0 [D:\UnityProjects\SmartNoter_KeyPoints\Playworks\pipeline\templates\LunaCompiler\Scripts\Scripts.csproj]
D:\UnityProjects\SmartNoter_KeyPoints\LunaTemp\stage3\processed-scripts\Assets\Scripts\CanvasGroupAnimator.cs(15,36): warning CS0649: Field 'CanvasGroupAnimator.fadeTo' is never assigned to, and will always have its default value 0 [D:\UnityProjects\SmartNoter_KeyPoints\Playworks\pipeline\templates\LunaCompiler\Scripts\Scripts.csproj]

D:\UnityProjects\SmartNoter_KeyPoints\LunaTemp\stage3\processed-scripts\Assets\Scripts\CanvasGroupAnimator.cs(12,35): warning CS0169: The field 'CanvasGroupAnimator.animateFade' is never used [D:\UnityProjects\SmartNoter_KeyPoints\Playworks\pipeline\templates\LunaCompiler\Scripts\Scripts.csproj]

D:\UnityProjects\SmartNoter_KeyPoints\LunaTemp\stage3\processed-scripts\Assets\Scripts\ButtonPulse.cs(7,36): warning CS0649: Field 'ButtonPulse.pulseDuration' is never assigned to, and will always have its default value 0 [D:\UnityProjects\SmartNoter_KeyPoints\Playworks\pipeline\templates\LunaCompiler\Scripts\Scripts.csproj]

D:\UnityProjects\SmartNoter_KeyPoints\LunaTemp\stage3\processed-scripts\Assets\Scripts\CanvasGroupAnimator.cs(13,35): warning CS0414: The field 'CanvasGroupAnimator.triggerOnStart' is assigned but its value is never used [D:\UnityProjects\SmartNoter_KeyPoints\Playworks\pipeline\templates\LunaCompiler\Scripts\Scripts.csproj]

  CompilerServer: server - server processed compilation - Scripts

_CopyFilesMarkedCopyLocal:
  Copying file from "D:\UnityProjects\SmartNoter_KeyPoints\Playworks\pipeline\templates\LunaCompiler\packages\Bridge.Html5.17.9.0\lib\net40\Bridge.Html5.dll" to "D:\UnityProjects\SmartNoter_KeyPoints\Playworks\pipeline\templates\LunaCompiler\Scripts\bin\Debug\Bridge.Html5.dll".

  Copying file from "D:\UnityProjects\SmartNoter_KeyPoints\Playworks\pipeline\templates\LunaCompiler\packages\Bridge.WebGL.1.22.0\lib\net40\Bridge.WebGL.dll" to "D:\UnityProjects\SmartNoter_KeyPoints\Playworks\pipeline\templates\LunaCompiler\Scripts\bin\Debug\Bridge.WebGL.dll".
  Copying file from "D:\UnityProjects\SmartNoter_KeyPoints\Playworks\pipeline\templates\LunaCompiler\packages\Bridge.Newtonsoft.Json.1.16.0\lib\net40\Newtonsoft.Json.dll" to "D:\UnityProjects\SmartNoter_KeyPoints\Playworks\pipeline\templates\LunaCompiler\Scripts\bin\Debug\Newtonsoft.Json.dll".

  Copying file from "D:\UnityProjects\SmartNoter_KeyPoints\Playworks\pipeline\templates\LunaCompiler\packages\Retyped.Core.1.6.6733\lib\net40\Retyped.Core.dll" to "D:\UnityProjects\SmartNoter_KeyPoints\Playworks\pipeline\templates\LunaCompiler\Scripts\bin\Debug\Retyped.Core.dll".

  Copying file from "D:\UnityProjects\SmartNoter_KeyPoints\Playworks\pipeline\templates\LunaCompiler\packages\Bridge.Core.17.9.42-luna\lib\net40\Bridge.dll" to "D:\UnityProjects\SmartNoter_KeyPoints\Playworks\pipeline\templates\LunaCompiler\Scripts\bin\Debug\Bridge.dll".

  Copying file from "D:\UnityProjects\SmartNoter_KeyPoints\Playworks\pipeline\templates\LunaCompiler\packages\DOTween.1.2.705\lib\net40\DOTween.dll" to "D:\UnityProjects\SmartNoter_KeyPoints\Playworks\pipeline\templates\LunaCompiler\Scripts\bin\Debug\DOTween.dll".

  Copying file from "D:\UnityProjects\SmartNoter_KeyPoints\Playworks\pipeline\templates\LunaCompiler\packages\Retyped.scripthost.2.8.6733\lib\net40\Retyped.scripthost.dll" to "D:\UnityProjects\SmartNoter_KeyPoints\Playworks\pipeline\templates\LunaCompiler\
Scripts\bin\Debug\Retyped.scripthost.dll".
  Copying file from "D:\UnityProjects\SmartNoter_KeyPoints\Playworks\pipeline\templates\LunaCompiler\packages\com.unity.textmeshpro\3.0.6\TextMeshPro.dll" to "D:\UnityProjects\SmartNoter_KeyPoints\Playworks\pipeline\templates\LunaCompiler\Scripts\bin\Debug\TextMeshPro.dll".
  Copying file from "D:\UnityProjects\SmartNoter_KeyPoints\Playworks\pipeline\templates\LunaCompiler\packages\Retyped.es5.2.8.6733\lib\net40\Retyped.es5.dll" to "D:\UnityProjects\SmartNoter_KeyPoints\Playworks\pipeline\templates\LunaCompiler\Scripts\bin\Debug\Retyped.es5.dll".

  Copying file from "D:\UnityProjects\SmartNoter_KeyPoints\Playworks\pipeline\templates\LunaCompiler\Scripts\Vendor\UnityEngine.dll" to "D:\UnityProjects\SmartNoter_KeyPoints\Playworks\pipeline\templates\LunaCompiler\Scripts\bin\Debug\UnityEngine.dll".

  Copying file from "D:\UnityProjects\SmartNoter_KeyPoints\Playworks\pipeline\templates\LunaCompiler\packages\Retyped.dom.2.8.6733\lib\net40\Retyped.dom.dll" to "D:\UnityProjects\SmartNoter_KeyPoints\Playworks\pipeline\templates\LunaCompiler\Scripts\bin\Debug\Retyped.dom.dll".

  Copying file from "D:\UnityProjects\SmartNoter_KeyPoints\Playworks\pipeline\templates\LunaCompiler\packages\com.unity.ui\1.2.1\UnityEngine.UI.dll" to "D:\UnityProjects\SmartNoter_KeyPoints\Playworks\pipeline\templates\LunaCompiler\Scripts\bin\Debug\Unity
Engine.UI.dll".

  Copying file from "D:\UnityProjects\SmartNoter_KeyPoints\Playworks\pipeline\templates\LunaCompiler\packages\com.unity.urp\7.6\UnityEngine.UniversalRenderPipeline.dll" to "D:\UnityProjects\SmartNoter_KeyPoints\Playworks\pipeline\templates\LunaCompiler\Scripts\bin\Debug\UnityEngine.UniversalRenderPipeline.dll".

  Copying file from "D:\UnityProjects\SmartNoter_KeyPoints\Playworks\pipeline\templates\LunaCompiler\packages\Bridge.Core.17.9.42-luna\lib\net40\Bridge.xml" to "D:\UnityProjects\SmartNoter_KeyPoints\Playworks\pipeline\templates\LunaCompiler\Scripts\bin\Debug\Bridge.xml".

  Copying file from "D:\UnityProjects\SmartNoter_KeyPoints\Playworks\pipeline\templates\LunaCompiler\packages\Bridge.Html5.17.9.0\lib\net40\Bridge.Html5.xml" to "D:\UnityProjects\SmartNoter_KeyPoints\Playworks\pipeline\templates\LunaCompiler\Scripts\bin\De
bug\Bridge.Html5.xml".

  Copying file from "D:\UnityProjects\SmartNoter_KeyPoints\Playworks\pipeline\templates\LunaCompiler\packages\Bridge.WebGL.1.22.0\lib\net40\Bridge.WebGL.xml" to "D:\UnityProjects\SmartNoter_KeyPoints\Playworks\pipeline\templates\LunaCompiler\Scripts\bin\Debug\Bridge.WebGL.xml".

  Copying file from "D:\UnityProjects\SmartNoter_KeyPoints\Playworks\pipeline\templates\LunaCompiler\packages\Bridge.Newtonsoft.Json.1.16.0\lib\net40\Newtonsoft.Json.xml" to "D:\UnityProjects\SmartNoter_KeyPoints\Playworks\pipeline\templates\LunaCompiler\Scripts\bin\Debug\Newtonsoft.Json.xml".

  Copying file from "D:\UnityProjects\SmartNoter_KeyPoints\Playworks\pipeline\templates\LunaCompiler\packages\Retyped.Core.1.6.6733\lib\net40\Retyped.Core.xml" to "D:\UnityProjects\SmartNoter_KeyPoints\Playworks\pipeline\templates\LunaCompiler\Scripts\bin\Debug\Retyped.Core.xml".

  Copying file from "D:\UnityProjects\SmartNoter_KeyPoints\Playworks\pipeline\templates\LunaCompiler\packages\Retyped.dom.2.8.6733\lib\net40\Retyped.dom.xml" to "D:\UnityProjects\SmartNoter_KeyPoints\Playworks\pipeline\templates\LunaCompiler\Scripts\bin\Debug\Retyped.dom.xml".

  Copying file from "D:\UnityProjects\SmartNoter_KeyPoints\Playworks\pipeline\templates\LunaCompiler\packages\Retyped.scripthost.2.8.6733\lib\net40\Retyped.scripthost.xml" to "D:\UnityProjects\SmartNoter_KeyPoints\Playworks\pipeline\templates\LunaCompiler\Scripts\bin\Debug\Retyped.scripthost.xml".

  Copying file from "D:\UnityProjects\SmartNoter_KeyPoints\Playworks\pipeline\templates\LunaCompiler\packages\Retyped.es5.2.8.6733\lib\net40\Retyped.es5.xml" to "D:\UnityProjects\SmartNoter_KeyPoints\Playworks\pipeline\templates\LunaCompiler\Scripts\bin\Debug\Retyped.es5.xml".

  Creating "D:\UnityProjects\SmartNoter_KeyPoints\Playworks\pipeline\templates\LunaCompiler\Scripts\obj\Debug\Scripts.csproj.Up2Date" because "AlwaysCreate" was specified.

  Touching "D:\UnityProjects\SmartNoter_KeyPoints\Playworks\pipeline\templates\LunaCompiler\Scripts\obj\Debug\Scripts.csproj.Up2Date".

CopyFilesToOutputDirectory:
  Copying file from "D:\UnityProjects\SmartNoter_KeyPoints\Playworks\pipeline\templates\LunaCompiler\Scripts\obj\Debug\UnityScriptsCompiler.dll" to "D:\UnityProjects\SmartNoter_KeyPoints\Playworks\pipeline\templates\LunaCompiler\Scripts\bin\Debug\UnityScriptsCompiler.dll".

  Scripts -> D:\UnityProjects\SmartNoter_KeyPoints\Playworks\pipeline\templates\LunaCompiler\Scripts\bin\Debug\UnityScriptsCompiler.dll

  Copying file from "D:\UnityProjects\SmartNoter_KeyPoints\Playworks\pipeline\templates\LunaCompiler\Scripts\obj\Debug\UnityScriptsCompiler.pdb" to "D:\UnityProjects\SmartNoter_KeyPoints\Playworks\pipeline\templates\LunaCompiler\Scripts\bin\Debug\UnityScriptsCompiler.pdb".

BridgeNetCompilerTask:
  Bridge started

      To enable detailed logging, configure "logging" in bridge.json.
      https://github.com/bridgedotnet/Bridge/wiki/global-configuration#logging

  Bridge done

Done Building Project "D:\UnityProjects\SmartNoter_KeyPoints\Playworks\pipeline\templates\LunaCompiler\Scripts\Scripts.csproj" (Rebuild target(s)).


Build succeeded.



"D:\UnityProjects\SmartNoter_KeyPoints\Playworks\pipeline\templates\LunaCompiler\Scripts\Scripts.csproj" (Rebuild target) (1) ->
(CoreCompile target) -> 
  D:\UnityProjects\SmartNoter_KeyPoints\LunaTemp\stage3\processed-scripts\Assets\Scripts\CanvasGroupAnimator.cs(14,35): warning CS0649: Field 'CanvasGroupAnimator.isLooping' is never assigned to, and will always have its default value false [D:\UnityProjects\SmartNoter_KeyPoints\Playworks\pipeline\templates\LunaCompiler\Scripts\Scripts.csproj]

  D:\UnityProjects\SmartNoter_KeyPoints\LunaTemp\stage3\processed-scripts\Assets\Scripts\CanvasGroupAnimator.cs(9,42): warning CS0649: Field 'CanvasGroupAnimator.canvasGroup' is never assigned to, and will always have its default value null [D:\UnityProjects\SmartNoter_KeyPoints\Playworks\pipeline\templates\LunaCompiler\Scripts\Scripts.csproj]
  D:\UnityProjects\SmartNoter_KeyPoints\LunaTemp\stage3\processed-scripts\Assets\Scripts\SubtitleAuto.cs(21,29): warning CS0649: Field 'SubtitleAuto.lines' is never assigned to, and will always have its default value null [D:\UnityProjects\SmartNoter_KeyPoints\Playworks\pipeline\templates\LunaCompiler\Scripts\Scripts.csproj]
  D:\UnityProjects\SmartNoter_KeyPoints\LunaTemp\stage3\processed-scripts\Assets\Scripts\ButtonPulse.cs(6,36): warning CS0649: Field 'ButtonPulse.scaleAmount' is never assigned to, and will always have its default value 0 [D:\UnityProjects\SmartNoter_KeyPoints\Playworks\pipeline\templates\LunaCompiler\Scripts\Scripts.csproj]
  D:\UnityProjects\SmartNoter_KeyPoints\LunaTemp\stage3\processed-scripts\Assets\Scripts\CanvasGroupAnimator.cs(15,36): warning CS0649: Field 'CanvasGroupAnimator.fadeTo' is never assigned to, and will always have its default value 0 [D:\UnityProjects\SmartNoter_KeyPoints\Playworks\pipeline\templates\LunaCompiler\Scripts\Scripts.csproj]
  D:\UnityProjects\SmartNoter_KeyPoints\LunaTemp\stage3\processed-scripts\Assets\Scripts\CanvasGroupAnimator.cs(12,35): warning CS0169: The field 'CanvasGroupAnimator.animateFade' is never used [D:\UnityProjects\SmartNoter_KeyPoints\Playworks\pipeline\templates\LunaCompiler\Scripts\Scripts.csproj]
  D:\UnityProjects\SmartNoter_KeyPoints\LunaTemp\stage3\processed-scripts\Assets\Scripts\ButtonPulse.cs(7,36): warning CS0649: Field 'ButtonPulse.pulseDuration' is never assigned to, and will always have its default value 0 [D:\UnityProjects\SmartNoter_KeyPoints\Playworks\pipeline\templates\LunaCompiler\Scripts\Scripts.csproj]

  D:\UnityProjects\SmartNoter_KeyPoints\LunaTemp\stage3\processed-scripts\Assets\Scripts\CanvasGroupAnimator.cs(13,35): warning CS0414: The field 'CanvasGroupAnimator.triggerOnStart' is assigned but its value is never used [D:\UnityProjects\SmartNoter_KeyPoints\Playworks\pipeline\templates\LunaCompiler\Scripts\Scripts.csproj]

    8 Warning(s)
    0 Error(s)


Time Elapsed 00:00:10.48

Source code compiled successfully!
﻿
[ error ] $﻿
PHC: LP error code not found in JSON: 3015, JSON file might be outdated. Error message: Sequence contains no matching element

Diagnostics gathered successfully
report@code:build 18069.46
report@diagnostics:verify 0.44
report@diagnostics:upload 2524.79
report@code:stage 10449.51
[ Stage3 ] Code compiled and bundled successfully.
report@code:bundle 31276.28
report@package:stage 1361.75
[ Stage4 ] Target platform: develop
[ Stage4 ] Package bundled successfully
report@assets:stats 0.15
